[00:02:50] PREPAIR delete from [user_session] where [uuid] = ? failed (db: memory error: no such table: user_session).
[01:32:15] PREPAIR insert into [user_session]([uuid],[unionid],[nickname],[ipaddr]) values(?, ?, ?, ?) failed (db: memory error: no such table: user_session).
[01:33:06] PREPAIR delete from [user_session] where [uuid] = ? failed (db: memory error: no such table: user_session).
[01:33:10] PREPAIR insert into [user_session]([uuid],[unionid],[nickname],[ipaddr]) values(?, ?, ?, ?) failed (db: memory error: no such table: user_session).
[01:35:11] PREPAIR delete from [user_session] where [uuid] = ? failed (db: memory error: no such table: user_session).
[01:35:16] PREPAIR insert into [user_session]([uuid],[unionid],[nickname],[ipaddr]) values(?, ?, ?, ?) failed (db: memory error: no such table: user_session).
[01:36:10] PREPAIR delete from [user_session] where [uuid] = ? failed (db: memory error: no such table: user_session).
[01:36:17] PREPAIR insert into [user_session]([uuid],[unionid],[nickname],[ipaddr]) values(?, ?, ?, ?) failed (db: memory error: no such table: user_session).
[01:37:17] PREPAIR delete from [user_session] where [uuid] = ? failed (db: memory error: no such table: user_session).
[01:37:21] PREPAIR insert into [user_session]([uuid],[unionid],[nickname],[ipaddr]) values(?, ?, ?, ?) failed (db: memory error: no such table: user_session).
[01:37:42] PREPAIR delete from [user_session] where [uuid] = ? failed (db: memory error: no such table: user_session).
[01:38:07] PREPAIR insert into [user_session]([uuid],[unionid],[nickname],[ipaddr]) values(?, ?, ?, ?) failed (db: memory error: no such table: user_session).
[01:41:51] PREPAIR delete from [user_session] where [uuid] = ? failed (db: memory error: no such table: user_session).
[01:42:17] PREPAIR insert into [user_session]([uuid],[unionid],[nickname],[ipaddr]) values(?, ?, ?, ?) failed (db: memory error: no such table: user_session).
[01:42:43] PREPAIR delete from [user_session] where [uuid] = ? failed (db: memory error: no such table: user_session).
[01:42:47] PREPAIR insert into [user_session]([uuid],[unionid],[nickname],[ipaddr]) values(?, ?, ?, ?) failed (db: memory error: no such table: user_session).
[01:43:11] PREPAIR delete from [user_session] where [uuid] = ? failed (db: memory error: no such table: user_session).
[01:43:14] PREPAIR insert into [user_session]([uuid],[unionid],[nickname],[ipaddr]) values(?, ?, ?, ?) failed (db: memory error: no such table: user_session).
[01:45:22] PREPAIR delete from [user_session] where [uuid] = ? failed (db: memory error: no such table: user_session).
[01:45:26] PREPAIR insert into [user_session]([uuid],[unionid],[nickname],[ipaddr]) values(?, ?, ?, ?) failed (db: memory error: no such table: user_session).
[01:47:15] PREPAIR delete from [user_session] where [uuid] = ? failed (db: memory error: no such table: user_session).
[01:47:21] PREPAIR insert into [user_session]([uuid],[unionid],[nickname],[ipaddr]) values(?, ?, ?, ?) failed (db: memory error: no such table: user_session).
[01:55:50] PREPAIR delete from [user_session] where [uuid] = ? failed (db: memory error: no such table: user_session).
[01:55:53] PREPAIR insert into [user_session]([uuid],[unionid],[nickname],[ipaddr]) values(?, ?, ?, ?) failed (db: memory error: no such table: user_session).
[01:58:00] PREPAIR delete from [user_session] where [uuid] = ? failed (db: memory error: no such table: user_session).
[01:58:03] PREPAIR insert into [user_session]([uuid],[unionid],[nickname],[ipaddr]) values(?, ?, ?, ?) failed (db: memory error: no such table: user_session).
[01:59:23] PREPAIR delete from [user_session] where [uuid] = ? failed (db: memory error: no such table: user_session).
[01:59:26] PREPAIR insert into [user_session]([uuid],[unionid],[nickname],[ipaddr]) values(?, ?, ?, ?) failed (db: memory error: no such table: user_session).
[01:59:48] PREPAIR delete from [user_session] where [uuid] = ? failed (db: memory error: no such table: user_session).
[01:59:51] PREPAIR insert into [user_session]([uuid],[unionid],[nickname],[ipaddr]) values(?, ?, ?, ?) failed (db: memory error: no such table: user_session).
[10:25:28] PREPAIR insert into [user_session]([uuid],[unionid],[nickname],[ipaddr]) values(?, ?, ?, ?) failed (db: memory error: no such table: user_session).
[10:37:14] PREPAIR delete from [user_session] where [uuid] = ? failed (db: memory error: no such table: user_session).
[10:37:18] PREPAIR insert into [user_session]([uuid],[unionid],[nickname],[ipaddr]) values(?, ?, ?, ?) failed (db: memory error: no such table: user_session).
[10:40:30] PREPAIR delete from [user_session] where [uuid] = ? failed (db: memory error: no such table: user_session).
[10:40:36] PREPAIR insert into [user_session]([uuid],[unionid],[nickname],[ipaddr]) values(?, ?, ?, ?) failed (db: memory error: no such table: user_session).
[10:41:48] PREPAIR delete from [user_session] where [uuid] = ? failed (db: memory error: no such table: user_session).
[10:41:52] PREPAIR insert into [user_session]([uuid],[unionid],[nickname],[ipaddr]) values(?, ?, ?, ?) failed (db: memory error: no such table: user_session).
[10:42:16] PREPAIR delete from [user_session] where [uuid] = ? failed (db: memory error: no such table: user_session).
[10:42:21] PREPAIR insert into [user_session]([uuid],[unionid],[nickname],[ipaddr]) values(?, ?, ?, ?) failed (db: memory error: no such table: user_session).
[10:42:48] PREPAIR delete from [user_session] where [uuid] = ? failed (db: memory error: no such table: user_session).
[10:43:21] PREPAIR insert into [user_session]([uuid],[unionid],[nickname],[ipaddr]) values(?, ?, ?, ?) failed (db: memory error: no such table: user_session).
[10:43:35] PREPAIR delete from [user_session] where [uuid] = ? failed (db: memory error: no such table: user_session).
[10:43:47] PREPAIR insert into [user_session]([uuid],[unionid],[nickname],[ipaddr]) values(?, ?, ?, ?) failed (db: memory error: no such table: user_session).
[10:44:43] PREPAIR delete from [user_session] where [uuid] = ? failed (db: memory error: no such table: user_session).
[10:44:45] PREPAIR insert into [user_session]([uuid],[unionid],[nickname],[ipaddr]) values(?, ?, ?, ?) failed (db: memory error: no such table: user_session).
[10:45:48] PREPAIR delete from [user_session] where [uuid] = ? failed (db: memory error: no such table: user_session).
[10:45:52] PREPAIR insert into [user_session]([uuid],[unionid],[nickname],[ipaddr]) values(?, ?, ?, ?) failed (db: memory error: no such table: user_session).
[10:53:35] PREPAIR delete from [user_session] where [uuid] = ? failed (db: memory error: no such table: user_session).
[10:56:08] PREPAIR insert into [user_session]([uuid],[unionid],[nickname],[ipaddr]) values(?, ?, ?, ?) failed (db: memory error: no such table: user_session).
[10:57:12] PREPAIR delete from [user_session] where [uuid] = ? failed (db: memory error: no such table: user_session).
[10:57:18] PREPAIR insert into [user_session]([uuid],[unionid],[nickname],[ipaddr]) values(?, ?, ?, ?) failed (db: memory error: no such table: user_session).
[10:57:59] PREPAIR delete from [user_session] where [uuid] = ? failed (db: memory error: no such table: user_session).
[10:58:04] PREPAIR insert into [user_session]([uuid],[unionid],[nickname],[ipaddr]) values(?, ?, ?, ?) failed (db: memory error: no such table: user_session).
[10:59:11] PREPAIR delete from [user_session] where [uuid] = ? failed (db: memory error: no such table: user_session).
[10:59:24] PREPAIR insert into [user_session]([uuid],[unionid],[nickname],[ipaddr]) values(?, ?, ?, ?) failed (db: memory error: no such table: user_session).
[11:00:47] PREPAIR delete from [user_session] where [uuid] = ? failed (db: memory error: no such table: user_session).
[11:00:51] PREPAIR insert into [user_session]([uuid],[unionid],[nickname],[ipaddr]) values(?, ?, ?, ?) failed (db: memory error: no such table: user_session).
[11:05:23] PREPAIR delete from [user_session] where [uuid] = ? failed (db: memory error: no such table: user_session).
[11:05:28] PREPAIR insert into [user_session]([uuid],[unionid],[nickname],[ipaddr]) values(?, ?, ?, ?) failed (db: memory error: no such table: user_session).
[11:06:13] PREPAIR delete from [user_session] where [uuid] = ? failed (db: memory error: no such table: user_session).
[11:06:31] PREPAIR insert into [user_session]([uuid],[unionid],[nickname],[ipaddr]) values(?, ?, ?, ?) failed (db: memory error: no such table: user_session).
[11:09:18] PREPAIR delete from [user_session] where [uuid] = ? failed (db: memory error: no such table: user_session).
[11:10:00] PREPAIR insert into [user_session]([uuid],[unionid],[nickname],[ipaddr]) values(?, ?, ?, ?) failed (db: memory error: no such table: user_session).
[11:10:32] PREPAIR delete from [user_session] where [uuid] = ? failed (db: memory error: no such table: user_session).
[11:10:37] PREPAIR insert into [user_session]([uuid],[unionid],[nickname],[ipaddr]) values(?, ?, ?, ?) failed (db: memory error: no such table: user_session).
[11:12:13] PREPAIR delete from [user_session] where [uuid] = ? failed (db: memory error: no such table: user_session).
[11:13:20] PREPAIR insert into [user_session]([uuid],[unionid],[nickname],[ipaddr]) values(?, ?, ?, ?) failed (db: memory error: no such table: user_session).
[11:14:11] PREPAIR delete from [user_session] where [uuid] = ? failed (db: memory error: no such table: user_session).
[11:14:15] PREPAIR insert into [user_session]([uuid],[unionid],[nickname],[ipaddr]) values(?, ?, ?, ?) failed (db: memory error: no such table: user_session).
[11:15:22] PREPAIR delete from [user_session] where [uuid] = ? failed (db: memory error: no such table: user_session).
[11:15:29] PREPAIR insert into [user_session]([uuid],[unionid],[nickname],[ipaddr]) values(?, ?, ?, ?) failed (db: memory error: no such table: user_session).
[11:16:07] PREPAIR delete from [user_session] where [uuid] = ? failed (db: memory error: no such table: user_session).
[11:16:12] PREPAIR insert into [user_session]([uuid],[unionid],[nickname],[ipaddr]) values(?, ?, ?, ?) failed (db: memory error: no such table: user_session).
[11:17:00] PREPAIR delete from [user_session] where [uuid] = ? failed (db: memory error: no such table: user_session).
[11:17:07] PREPAIR insert into [user_session]([uuid],[unionid],[nickname],[ipaddr]) values(?, ?, ?, ?) failed (db: memory error: no such table: user_session).
[11:18:01] PREPAIR delete from [user_session] where [uuid] = ? failed (db: memory error: no such table: user_session).
[11:18:07] PREPAIR insert into [user_session]([uuid],[unionid],[nickname],[ipaddr]) values(?, ?, ?, ?) failed (db: memory error: no such table: user_session).
[11:20:15] PREPAIR delete from [user_session] where [uuid] = ? failed (db: memory error: no such table: user_session).
[11:20:19] PREPAIR insert into [user_session]([uuid],[unionid],[nickname],[ipaddr]) values(?, ?, ?, ?) failed (db: memory error: no such table: user_session).
[11:37:56] PREPAIR delete from [user_session] where [uuid] = ? failed (db: memory error: no such table: user_session).
[12:54:06] PREPAIR insert into [user_session]([uuid],[unionid],[nickname],[ipaddr]) values(?, ?, ?, ?) failed (db: memory error: no such table: user_session).
[12:54:14] PREPAIR delete from [user_session] where [uuid] = ? failed (db: memory error: no such table: user_session).
[12:54:41] PREPAIR insert into [user_session]([uuid],[unionid],[nickname],[ipaddr]) values(?, ?, ?, ?) failed (db: memory error: no such table: user_session).
[12:55:41] PREPAIR delete from [user_session] where [uuid] = ? failed (db: memory error: no such table: user_session).
[12:55:43] PREPAIR insert into [user_session]([uuid],[unionid],[nickname],[ipaddr]) values(?, ?, ?, ?) failed (db: memory error: no such table: user_session).
[12:56:21] PREPAIR delete from [user_session] where [uuid] = ? failed (db: memory error: no such table: user_session).
[12:56:24] PREPAIR insert into [user_session]([uuid],[unionid],[nickname],[ipaddr]) values(?, ?, ?, ?) failed (db: memory error: no such table: user_session).
[13:09:39] PREPAIR delete from [user_session] where [uuid] = ? failed (db: memory error: no such table: user_session).
[13:10:10] PREPAIR insert into [user_session]([uuid],[unionid],[nickname],[ipaddr]) values(?, ?, ?, ?) failed (db: memory error: no such table: user_session).
[13:10:35] PREPAIR insert into [user_session]([uuid],[unionid],[nickname],[ipaddr]) values(?, ?, ?, ?) failed (db: memory error: no such table: user_session).
[13:10:37] PREPAIR insert into [user_session]([uuid],[unionid],[nickname],[ipaddr]) values(?, ?, ?, ?) failed (db: memory error: no such table: user_session).
[13:10:42] Connection request has been accepted (id: 193 from: 127.0.0.1:7882).
[13:10:42] Open database .\data\poker_rooms.db successed (not an error).
[13:10:45] PREPAIR delete from [user_session] where [uuid] = ? failed (db: memory error: no such table: user_session).
[13:10:46] PREPAIR insert into [user_session]([uuid],[unionid],[nickname],[ipaddr]) values(?, ?, ?, ?) failed (db: memory error: no such table: user_session).
[13:14:31] Network connection error (id: 191 errno: 10054).
[13:14:31] Database :memory: is not used, release handle.
[13:14:31] Network connection error (id: 190 errno: 10054).
[13:14:31] Database .\data\poker_users.db is not used, release handle.
[13:14:31] Network connection error (id: 193 errno: 10054).
[13:14:31] Database .\data\poker_rooms.db is not used, release handle.
[13:14:31] Network connection error (id: 192 errno: 10054).
[13:14:31] Database .\data\poker_record.db is not used, release handle.
[15:33:02] Connection request has been accepted (id: 194 from: 127.0.0.1:8170).
[15:33:02] Open database .\data\poker_rooms.db successed (not an error).
[15:33:02] Connection request has been accepted (id: 195 from: 127.0.0.1:8172).
[15:33:02] Open database :memory: successed (not an error).
[15:33:13] Connection request has been accepted (id: 196 from: 127.0.0.1:8173).
[15:33:13] Open database .\data\poker_users.db successed (not an error).
[15:34:51] Network connection error (id: 195 errno: 10054).
[15:34:51] Database :memory: is not used, release handle.
[15:34:51] Network connection error (id: 196 errno: 10054).
[15:34:51] Database .\data\poker_users.db is not used, release handle.
[15:34:51] Network connection error (id: 194 errno: 10054).
[15:34:51] Database .\data\poker_rooms.db is not used, release handle.
[15:34:59] Connection request has been accepted (id: 197 from: 127.0.0.1:8174).
[15:34:59] Open database .\data\poker_rooms.db successed (not an error).
[15:34:59] Connection request has been accepted (id: 198 from: 127.0.0.1:8176).
[15:34:59] Open database :memory: successed (not an error).
[15:35:00] Connection request has been accepted (id: 199 from: 127.0.0.1:8177).
[15:35:00] Open database .\data\poker_users.db successed (not an error).
[15:35:50] Network connection error (id: 197 errno: 10054).
[15:35:50] Database .\data\poker_rooms.db is not used, release handle.
[15:35:50] Network connection error (id: 198 errno: 10054).
[15:35:50] Database :memory: is not used, release handle.
[15:35:50] Network connection error (id: 199 errno: 10054).
[15:35:50] Database .\data\poker_users.db is not used, release handle.
[15:35:59] Connection request has been accepted (id: 200 from: 127.0.0.1:8178).
[15:35:59] Open database .\data\poker_rooms.db successed (not an error).
[15:36:05] Connection request has been accepted (id: 201 from: 127.0.0.1:8180).
[15:36:05] Open database :memory: successed (not an error).
[15:36:06] Connection request has been accepted (id: 202 from: 127.0.0.1:8181).
[15:36:06] Open database .\data\poker_users.db successed (not an error).
[15:36:34] Network connection error (id: 200 errno: 10054).
[15:36:34] Network connection error (id: 201 errno: 10054).
[15:36:34] Database :memory: is not used, release handle.
[15:36:34] Network connection error (id: 202 errno: 10054).
[15:36:34] Database .\data\poker_users.db is not used, release handle.
[15:36:34] Database .\data\poker_rooms.db is not used, release handle.
[15:36:38] Connection request has been accepted (id: 203 from: 127.0.0.1:8182).
[15:36:38] Open database .\data\poker_rooms.db successed (not an error).
[15:36:57] Connection request has been accepted (id: 204 from: 127.0.0.1:8184).
[15:36:57] Open database :memory: successed (not an error).
[15:36:58] Connection request has been accepted (id: 205 from: 127.0.0.1:8185).
[15:36:58] Open database .\data\poker_users.db successed (not an error).
[15:37:01] Network connection error (id: 203 errno: 10054).
[15:37:01] Network connection error (id: 204 errno: 10054).
[15:37:01] Database :memory: is not used, release handle.
[15:37:01] Network connection error (id: 205 errno: 10054).
[15:37:01] Database .\data\poker_users.db is not used, release handle.
[15:37:01] Database .\data\poker_rooms.db is not used, release handle.
[15:37:04] Connection request has been accepted (id: 206 from: 127.0.0.1:8187).
[15:37:04] Open database .\data\poker_rooms.db successed (not an error).
[15:37:05] Connection request has been accepted (id: 207 from: 127.0.0.1:8189).
[15:37:05] Open database :memory: successed (not an error).
[15:37:05] Connection request has been accepted (id: 208 from: 127.0.0.1:8190).
[15:37:05] Open database .\data\poker_users.db successed (not an error).
[15:37:35] Connection request has been accepted (id: 209 from: 127.0.0.1:8192).
[15:37:36] Open database .\data\poker_record.db successed (not an error).
[15:39:25] Network connection error (id: 206 errno: 10054).
[15:39:25] Database .\data\poker_rooms.db is not used, release handle.
[15:39:25] Network connection error (id: 207 errno: 10054).
[15:39:25] Database :memory: is not used, release handle.
[15:39:25] Network connection error (id: 209 errno: 10054).
[15:39:25] Database .\data\poker_record.db is not used, release handle.
[15:39:25] Network connection error (id: 208 errno: 10054).
[15:39:25] Database .\data\poker_users.db is not used, release handle.
[15:39:33] Connection request has been accepted (id: 210 from: 127.0.0.1:8193).
[15:39:34] Open database .\data\poker_rooms.db successed (not an error).
[15:39:34] Connection request has been accepted (id: 211 from: 127.0.0.1:8195).
[15:39:34] Open database :memory: successed (not an error).
[15:39:34] Connection request has been accepted (id: 212 from: 127.0.0.1:8196).
[15:39:34] Open database .\data\poker_users.db successed (not an error).
[15:40:01] Network connection error (id: 210 errno: 10054).
[15:40:01] Network connection error (id: 211 errno: 10054).
[15:40:01] Database :memory: is not used, release handle.
[15:40:01] Network connection error (id: 212 errno: 10054).
[15:40:01] Database .\data\poker_users.db is not used, release handle.
[15:40:01] Database .\data\poker_rooms.db is not used, release handle.
[15:40:06] Connection request has been accepted (id: 213 from: 127.0.0.1:8198).
[15:40:06] Open database .\data\poker_rooms.db successed (not an error).
[15:40:10] Connection request has been accepted (id: 214 from: 127.0.0.1:8200).
[15:40:10] Open database :memory: successed (not an error).
[15:40:13] Connection request has been accepted (id: 215 from: 127.0.0.1:8201).
[15:40:13] Open database .\data\poker_users.db successed (not an error).
[15:40:37] Connection request has been accepted (id: 216 from: 127.0.0.1:8202).
[15:40:37] Open database .\data\poker_record.db successed (not an error).
[15:40:59] Network connection error (id: 213 errno: 10054).
[15:40:59] Database .\data\poker_rooms.db is not used, release handle.
[15:40:59] Network connection error (id: 214 errno: 10054).
[15:40:59] Database :memory: is not used, release handle.
[15:40:59] Network connection error (id: 215 errno: 10054).
[15:40:59] Database .\data\poker_users.db is not used, release handle.
[15:40:59] Network connection error (id: 216 errno: 10054).
[15:40:59] Database .\data\poker_record.db is not used, release handle.
