[10:40:16] Connection request has been accepted (id: 101 from: 127.0.0.1:1738).
[10:40:16] Open database .\data\poker_rooms.db successed (not an error).
[10:40:16] Connection request has been accepted (id: 102 from: 127.0.0.1:1740).
[10:40:16] Open database :memory: successed (not an error).
[10:40:16] Connection request has been accepted (id: 103 from: 127.0.0.1:1741).
[10:40:16] Open database .\data\poker_users.db successed (not an error).
[10:40:25] STEP insert into [room_interim]([number],[game],[rule],[creater],[exit],[context]) values(?,?,?,?,?,?) failed (db: poker_rooms error: SQL logic error or missing database).
 bind[00]: 100502
 bind[01]: 2
 bind[02]: 1
 bind[03]: 102018
 bind[04]: 0
 bind[05]: {"option":{"game":2,"hongtao":true,"zhadan":0,"type":1,"jushu":1,"sidai":1,"fangfei":0,"renshu":0,"wanfa":1,"showleft":true}}


[10:40:27] STEP insert into [room_interim]([number],[game],[rule],[creater],[exit],[context]) values(?,?,?,?,?,?) failed (db: poker_rooms error: SQL logic error or missing database).
 bind[00]: 100291
 bind[01]: 2
 bind[02]: 1
 bind[03]: 102018
 bind[04]: 0
 bind[05]: {"option":{"game":2,"hongtao":true,"zhadan":0,"type":1,"jushu":1,"sidai":1,"fangfei":0,"renshu":0,"wanfa":1,"showleft":true}}


[10:40:27] STEP insert into [room_interim]([number],[game],[rule],[creater],[exit],[context]) values(?,?,?,?,?,?) failed (db: poker_rooms error: SQL logic error or missing database).
 bind[00]: 100958
 bind[01]: 2
 bind[02]: 1
 bind[03]: 102018
 bind[04]: 0
 bind[05]: {"option":{"game":2,"hongtao":true,"zhadan":0,"type":1,"jushu":1,"sidai":1,"fangfei":0,"renshu":0,"wanfa":1,"showleft":true}}


[10:40:28] STEP insert into [room_interim]([number],[game],[rule],[creater],[exit],[context]) values(?,?,?,?,?,?) failed (db: poker_rooms error: SQL logic error or missing database).
 bind[00]: 100616
 bind[01]: 2
 bind[02]: 1
 bind[03]: 102018
 bind[04]: 0
 bind[05]: {"option":{"game":2,"hongtao":true,"zhadan":0,"type":1,"jushu":1,"sidai":1,"fangfei":0,"renshu":0,"wanfa":1,"showleft":true}}


[10:40:28] STEP insert into [room_interim]([number],[game],[rule],[creater],[exit],[context]) values(?,?,?,?,?,?) failed (db: poker_rooms error: SQL logic error or missing database).
 bind[00]: 100465
 bind[01]: 2
 bind[02]: 1
 bind[03]: 102018
 bind[04]: 0
 bind[05]: {"option":{"game":2,"hongtao":true,"zhadan":0,"type":1,"jushu":1,"sidai":1,"fangfei":0,"renshu":0,"wanfa":1,"showleft":true}}


[10:40:29] STEP insert into [room_interim]([number],[game],[rule],[creater],[exit],[context]) values(?,?,?,?,?,?) failed (db: poker_rooms error: SQL logic error or missing database).
 bind[00]: 100607
 bind[01]: 2
 bind[02]: 1
 bind[03]: 102018
 bind[04]: 0
 bind[05]: {"option":{"game":2,"hongtao":true,"zhadan":0,"type":1,"jushu":1,"sidai":1,"fangfei":0,"renshu":0,"wanfa":1,"showleft":true}}


[10:40:35] STEP insert into [room_interim]([number],[game],[rule],[creater],[exit],[context]) values(?,?,?,?,?,?) failed (db: poker_rooms error: SQL logic error or missing database).
 bind[00]: 100908
 bind[01]: 2
 bind[02]: 1
 bind[03]: 102018
 bind[04]: 0
 bind[05]: {"option":{"game":2,"hongtao":true,"zhadan":0,"type":1,"jushu":1,"sidai":0,"fangfei":0,"renshu":0,"wanfa":1,"showleft":true}}


[10:40:35] STEP insert into [room_interim]([number],[game],[rule],[creater],[exit],[context]) values(?,?,?,?,?,?) failed (db: poker_rooms error: SQL logic error or missing database).
 bind[00]: 100778
 bind[01]: 2
 bind[02]: 1
 bind[03]: 102018
 bind[04]: 0
 bind[05]: {"option":{"game":2,"hongtao":true,"zhadan":0,"type":1,"jushu":1,"sidai":0,"fangfei":0,"renshu":0,"wanfa":1,"showleft":true}}


[10:42:10] STEP insert into [room_interim]([number],[game],[rule],[creater],[exit],[context]) values(?,?,?,?,?,?) failed (db: poker_rooms error: SQL logic error or missing database).
 bind[00]: 100952
 bind[01]: 2
 bind[02]: 1
 bind[03]: 102018
 bind[04]: 0
 bind[05]: {"option":{"game":2,"hongtao":true,"zhadan":0,"type":1,"jushu":1,"sidai":0,"fangfei":0,"renshu":0,"wanfa":1,"showleft":true}}


[10:44:34] Network connection error (id: 101 errno: 10054).
[10:44:34] Network connection error (id: 102 errno: 10054).
[10:44:34] Database :memory: is not used, release handle.
[10:44:34] Network connection error (id: 103 errno: 10054).
[10:44:34] Database .\data\poker_rooms.db is not used, release handle.
[10:44:34] Database .\data\poker_users.db is not used, release handle.
[10:44:43] Connection request has been accepted (id: 104 from: 127.0.0.1:1770).
[10:44:43] Open database .\data\poker_rooms.db successed (not an error).
[10:44:43] Connection request has been accepted (id: 105 from: 127.0.0.1:1772).
[10:44:43] Open database :memory: successed (not an error).
[10:44:43] Connection request has been accepted (id: 106 from: 127.0.0.1:1773).
[10:44:43] Open database .\data\poker_users.db successed (not an error).
[10:45:00] Network connection error (id: 104 errno: 10054).
[10:45:00] Network connection error (id: 105 errno: 10054).
[10:45:00] Database :memory: is not used, release handle.
[10:45:00] Network connection error (id: 106 errno: 10054).
[10:45:00] Database .\data\poker_users.db is not used, release handle.
[10:45:00] Database .\data\poker_rooms.db is not used, release handle.
[10:45:04] Connection request has been accepted (id: 107 from: 127.0.0.1:1774).
[10:45:04] Open database .\data\poker_rooms.db successed (not an error).
[10:45:04] Connection request has been accepted (id: 108 from: 127.0.0.1:1776).
[10:45:04] Open database :memory: successed (not an error).
[10:45:04] Connection request has been accepted (id: 109 from: 127.0.0.1:1777).
[10:45:04] Open database .\data\poker_users.db successed (not an error).
[10:45:33] STEP insert into [room_interim]([number],[game],[rule],[creater],[exit],[context]) values(?,?,?,?,?,?) failed (db: poker_rooms error: SQL logic error or missing database).
 bind[00]: 100131
 bind[01]: 2
 bind[02]: 1
 bind[03]: 102018
 bind[04]: 0
 bind[05]: {"option":{"game":2,"hongtao":true,"zhadan":0,"type":1,"jushu":1,"sidai":0,"fangfei":0,"renshu":0,"wanfa":1,"showleft":true}}


[10:48:24] Network connection error (id: 107 errno: 10054).
[10:48:24] Database .\data\poker_rooms.db is not used, release handle.
[10:48:24] Network connection error (id: 108 errno: 10054).
[10:48:24] Database :memory: is not used, release handle.
[10:48:24] Network connection error (id: 109 errno: 10054).
[10:48:24] Database .\data\poker_users.db is not used, release handle.
[10:48:29] Connection request has been accepted (id: 110 from: 127.0.0.1:1783).
[10:48:29] Open database .\data\poker_rooms.db successed (not an error).
[10:48:29] Connection request has been accepted (id: 111 from: 127.0.0.1:1785).
[10:48:29] Open database :memory: successed (not an error).
[10:48:29] Connection request has been accepted (id: 112 from: 127.0.0.1:1786).
[10:48:29] Open database .\data\poker_users.db successed (not an error).
[10:49:01] Network connection error (id: 110 errno: 10054).
[10:49:01] Database .\data\poker_rooms.db is not used, release handle.
[10:49:01] Network connection error (id: 111 errno: 10054).
[10:49:01] Database :memory: is not used, release handle.
[10:49:01] Network connection error (id: 112 errno: 10054).
[10:49:01] Database .\data\poker_users.db is not used, release handle.
[10:49:08] Connection request has been accepted (id: 113 from: 127.0.0.1:1789).
[10:49:08] Open database .\data\poker_rooms.db successed (not an error).
[10:49:08] Connection request has been accepted (id: 114 from: 127.0.0.1:1791).
[10:49:08] Open database :memory: successed (not an error).
[10:49:08] Connection request has been accepted (id: 115 from: 127.0.0.1:1792).
[10:49:08] Open database .\data\poker_users.db successed (not an error).
[10:49:16] Network connection error (id: 113 errno: 10054).
[10:49:16] Database .\data\poker_rooms.db is not used, release handle.
[10:49:16] Network connection error (id: 114 errno: 10054).
[10:49:16] Database :memory: is not used, release handle.
[10:49:16] Network connection error (id: 115 errno: 10054).
[10:49:16] Database .\data\poker_users.db is not used, release handle.
[10:49:21] Connection request has been accepted (id: 116 from: 127.0.0.1:1793).
[10:49:21] Open database .\data\poker_rooms.db successed (not an error).
[10:49:21] Connection request has been accepted (id: 117 from: 127.0.0.1:1795).
[10:49:21] Open database :memory: successed (not an error).
[10:49:22] Connection request has been accepted (id: 118 from: 127.0.0.1:1796).
[10:49:22] Open database .\data\poker_users.db successed (not an error).
[10:53:58] Network connection error (id: 116 errno: 10054).
[10:53:58] Database .\data\poker_rooms.db is not used, release handle.
[10:53:58] Network connection error (id: 117 errno: 10054).
[10:53:58] Database :memory: is not used, release handle.
[10:53:58] Network connection error (id: 118 errno: 10054).
[10:53:58] Database .\data\poker_users.db is not used, release handle.
[10:54:04] Connection request has been accepted (id: 119 from: 127.0.0.1:1798).
[10:54:04] Open database .\data\poker_rooms.db successed (not an error).
[10:54:04] Connection request has been accepted (id: 120 from: 127.0.0.1:1800).
[10:54:04] Open database :memory: successed (not an error).
[10:54:04] Connection request has been accepted (id: 121 from: 127.0.0.1:1801).
[10:54:04] Open database .\data\poker_users.db successed (not an error).
[10:55:11] Network connection error (id: 119 errno: 10054).
[10:55:11] Database .\data\poker_rooms.db is not used, release handle.
[10:55:11] Network connection error (id: 120 errno: 10054).
[10:55:11] Database :memory: is not used, release handle.
[10:55:11] Network connection error (id: 121 errno: 10054).
[10:55:11] Database .\data\poker_users.db is not used, release handle.
[10:55:36] Connection request has been accepted (id: 122 from: 127.0.0.1:1802).
[10:55:36] Open database .\data\poker_rooms.db successed (not an error).
[10:55:36] Connection request has been accepted (id: 123 from: 127.0.0.1:1804).
[10:55:36] Open database :memory: successed (not an error).
[10:55:36] Connection request has been accepted (id: 124 from: 127.0.0.1:1805).
[10:55:36] Open database .\data\poker_users.db successed (not an error).
[10:56:41] Network connection error (id: 122 errno: 10054).
[10:56:41] Database .\data\poker_rooms.db is not used, release handle.
[10:56:41] Network connection error (id: 123 errno: 10054).
[10:56:41] Database :memory: is not used, release handle.
[10:56:41] Network connection error (id: 124 errno: 10054).
[10:56:41] Database .\data\poker_users.db is not used, release handle.
[10:56:50] Connection request has been accepted (id: 125 from: 127.0.0.1:1806).
[10:56:50] Open database .\data\poker_rooms.db successed (not an error).
[10:56:50] Connection request has been accepted (id: 126 from: 127.0.0.1:1808).
[10:56:50] Open database :memory: successed (not an error).
[10:56:50] Connection request has been accepted (id: 127 from: 127.0.0.1:1809).
[10:56:50] Open database .\data\poker_users.db successed (not an error).
[10:57:50] Network connection error (id: 125 errno: 10054).
[10:57:50] Database .\data\poker_rooms.db is not used, release handle.
[10:57:50] Network connection error (id: 126 errno: 10054).
[10:57:50] Database :memory: is not used, release handle.
[10:57:50] Network connection error (id: 127 errno: 10054).
[10:57:50] Database .\data\poker_users.db is not used, release handle.
[10:57:55] Connection request has been accepted (id: 128 from: 127.0.0.1:1810).
[10:57:55] Open database .\data\poker_rooms.db successed (not an error).
[10:57:55] Connection request has been accepted (id: 129 from: 127.0.0.1:1812).
[10:57:55] Open database :memory: successed (not an error).
[10:57:55] Connection request has been accepted (id: 130 from: 127.0.0.1:1813).
[10:57:55] Open database .\data\poker_users.db successed (not an error).
[10:59:00] Network connection error (id: 128 errno: 10054).
[10:59:00] Database .\data\poker_rooms.db is not used, release handle.
[10:59:00] Network connection error (id: 129 errno: 10054).
[10:59:00] Database :memory: is not used, release handle.
[10:59:00] Network connection error (id: 130 errno: 10054).
[10:59:00] Database .\data\poker_users.db is not used, release handle.
[10:59:01] Connection request has been accepted (id: 131 from: 127.0.0.1:1814).
[10:59:02] Open database .\data\poker_rooms.db successed (not an error).
[10:59:02] Connection request has been accepted (id: 132 from: 127.0.0.1:1816).
[10:59:02] Open database :memory: successed (not an error).
[10:59:02] Connection request has been accepted (id: 133 from: 127.0.0.1:1817).
[10:59:02] Open database .\data\poker_users.db successed (not an error).
[11:04:19] STEP insert into [user_session]([uuid],[unionid],[nickname],[ipaddr]) values(?, ?, ?, ?) failed (db: memory error: SQL logic error or missing database).
 bind[00]: 102018
 bind[01]: peng
 bind[02]: peng
 bind[03]: 10.211.55.2

[11:04:19] STEP insert into [user_session]([uuid],[unionid],[nickname],[ipaddr]) values(?, ?, ?, ?) failed (db: memory error: SQL logic error or missing database).
 bind[00]: 102019
 bind[01]: peng1
 bind[02]: peng1
 bind[03]: 10.211.55.2

[11:04:22] Network connection error (id: 131 errno: 10054).
[11:04:22] Database .\data\poker_rooms.db is not used, release handle.
[11:04:22] Network connection error (id: 132 errno: 10054).
[11:04:22] Database :memory: is not used, release handle.
[11:04:22] Network connection error (id: 133 errno: 10054).
[11:04:22] Database .\data\poker_users.db is not used, release handle.
[11:04:23] Connection request has been accepted (id: 134 from: 127.0.0.1:1825).
[11:04:23] Open database .\data\poker_rooms.db successed (not an error).
[11:04:23] Connection request has been accepted (id: 135 from: 127.0.0.1:1827).
[11:04:23] Open database :memory: successed (not an error).
[11:04:23] Connection request has been accepted (id: 136 from: 127.0.0.1:1828).
[11:04:23] Open database .\data\poker_users.db successed (not an error).
[11:05:00] Network connection error (id: 134 errno: 10054).
[11:05:00] Database .\data\poker_rooms.db is not used, release handle.
[11:05:00] Network connection error (id: 135 errno: 10054).
[11:05:00] Database :memory: is not used, release handle.
[11:05:00] Network connection error (id: 136 errno: 10054).
[11:05:00] Database .\data\poker_users.db is not used, release handle.
[11:05:01] Connection request has been accepted (id: 137 from: 127.0.0.1:1829).
[11:05:01] Open database .\data\poker_rooms.db successed (not an error).
[11:05:02] Connection request has been accepted (id: 138 from: 127.0.0.1:1831).
[11:05:02] Open database :memory: successed (not an error).
[11:05:02] Connection request has been accepted (id: 139 from: 127.0.0.1:1832).
[11:05:02] Open database .\data\poker_users.db successed (not an error).
[11:06:50] Network connection error (id: 137 errno: 10054).
[11:06:50] Database .\data\poker_rooms.db is not used, release handle.
[11:06:50] Network connection error (id: 138 errno: 10054).
[11:06:50] Database :memory: is not used, release handle.
[11:06:50] Network connection error (id: 139 errno: 10054).
[11:06:50] Database .\data\poker_users.db is not used, release handle.
[11:07:48] Connection request has been accepted (id: 140 from: 127.0.0.1:1833).
[11:07:48] Open database .\data\poker_rooms.db successed (not an error).
[11:07:48] Connection request has been accepted (id: 141 from: 127.0.0.1:1835).
[11:07:48] Open database :memory: successed (not an error).
[11:07:48] Connection request has been accepted (id: 142 from: 127.0.0.1:1836).
[11:07:48] Open database .\data\poker_users.db successed (not an error).
[11:13:13] Network connection error (id: 140 errno: 10054).
[11:13:13] Database .\data\poker_rooms.db is not used, release handle.
[11:13:13] Network connection error (id: 141 errno: 10054).
[11:13:13] Database :memory: is not used, release handle.
[11:13:13] Network connection error (id: 142 errno: 10054).
[11:13:13] Database .\data\poker_users.db is not used, release handle.
[11:13:35] Connection request has been accepted (id: 143 from: 127.0.0.1:1838).
[11:13:35] Open database .\data\poker_rooms.db successed (not an error).
[11:13:35] Connection request has been accepted (id: 144 from: 127.0.0.1:1840).
[11:13:35] Open database :memory: successed (not an error).
[11:13:35] Connection request has been accepted (id: 145 from: 127.0.0.1:1841).
[11:13:35] Open database .\data\poker_users.db successed (not an error).
[11:18:03] Network connection error (id: 143 errno: 10054).
[11:18:03] Database .\data\poker_rooms.db is not used, release handle.
[11:18:03] Network connection error (id: 144 errno: 10054).
[11:18:03] Database :memory: is not used, release handle.
[11:18:03] Network connection error (id: 145 errno: 10054).
[11:18:03] Database .\data\poker_users.db is not used, release handle.
[11:18:29] Connection request has been accepted (id: 146 from: 127.0.0.1:1845).
[11:18:29] Open database .\data\poker_rooms.db successed (not an error).
[11:18:29] Connection request has been accepted (id: 147 from: 127.0.0.1:1847).
[11:18:29] Open database :memory: successed (not an error).
[11:18:29] Connection request has been accepted (id: 148 from: 127.0.0.1:1848).
[11:18:29] Open database .\data\poker_users.db successed (not an error).
[11:18:44] STEP insert into [user_session]([uuid],[unionid],[nickname],[ipaddr]) values(?, ?, ?, ?) failed (db: memory error: SQL logic error or missing database).
 bind[00]: 102018
 bind[01]: peng
 bind[02]: peng
 bind[03]: 10.211.55.2

[11:22:36] Network connection error (id: 146 errno: 10054).
[11:22:36] Database .\data\poker_rooms.db is not used, release handle.
[11:22:36] Network connection error (id: 147 errno: 10054).
[11:22:36] Database :memory: is not used, release handle.
[11:22:36] Network connection error (id: 148 errno: 10054).
[11:22:36] Database .\data\poker_users.db is not used, release handle.
[11:23:02] Connection request has been accepted (id: 149 from: 127.0.0.1:1849).
[11:23:02] Open database .\data\poker_rooms.db successed (not an error).
[11:23:02] Connection request has been accepted (id: 150 from: 127.0.0.1:1851).
[11:23:02] Open database :memory: successed (not an error).
[11:23:02] Connection request has been accepted (id: 151 from: 127.0.0.1:1852).
[11:23:02] Open database .\data\poker_users.db successed (not an error).
[11:23:39] STEP insert into [room_interim]([number],[game],[rule],[creater],[exit],[context]) values(?,?,?,?,?,?) failed (db: poker_rooms error: SQL logic error or missing database).
 bind[00]: 100611
 bind[01]: 2
 bind[02]: 1
 bind[03]: 102018
 bind[04]: 0
 bind[05]: {"option":{"game":2,"hongtao":true,"zhadan":0,"type":1,"jushu":1,"sidai":0,"fangfei":0,"renshu":0,"wanfa":1,"showleft":true}}


[11:23:43] STEP insert into [room_interim]([number],[game],[rule],[creater],[exit],[context]) values(?,?,?,?,?,?) failed (db: poker_rooms error: SQL logic error or missing database).
 bind[00]: 100616
 bind[01]: 2
 bind[02]: 1
 bind[03]: 102018
 bind[04]: 0
 bind[05]: {"option":{"game":2,"hongtao":true,"zhadan":0,"type":1,"jushu":1,"sidai":0,"fangfei":0,"renshu":0,"wanfa":1,"showleft":true}}


[11:23:44] STEP insert into [room_interim]([number],[game],[rule],[creater],[exit],[context]) values(?,?,?,?,?,?) failed (db: poker_rooms error: SQL logic error or missing database).
 bind[00]: 100481
 bind[01]: 2
 bind[02]: 1
 bind[03]: 102018
 bind[04]: 0
 bind[05]: {"option":{"game":2,"hongtao":true,"zhadan":0,"type":1,"jushu":1,"sidai":0,"fangfei":0,"renshu":0,"wanfa":1,"showleft":true}}


[11:24:19] STEP insert into [room_interim]([number],[game],[rule],[creater],[exit],[context]) values(?,?,?,?,?,?) failed (db: poker_rooms error: SQL logic error or missing database).
 bind[00]: 100959
 bind[01]: 2
 bind[02]: 1
 bind[03]: 102018
 bind[04]: 0
 bind[05]: {"option":{"game":2,"hongtao":true,"zhadan":0,"type":1,"jushu":1,"sidai":0,"fangfei":0,"renshu":0,"wanfa":1,"showleft":true}}


[11:24:36] STEP insert into [room_interim]([number],[game],[rule],[creater],[exit],[context]) values(?,?,?,?,?,?) failed (db: poker_rooms error: SQL logic error or missing database).
 bind[00]: 100701
 bind[01]: 2
 bind[02]: 1
 bind[03]: 102018
 bind[04]: 0
 bind[05]: {"option":{"game":2,"hongtao":true,"zhadan":0,"type":1,"jushu":1,"sidai":0,"fangfei":0,"renshu":0,"wanfa":1,"showleft":true}}


[11:24:51] Connection request has been accepted (id: 152 from: 127.0.0.1:1854).
[11:24:51] Open database .\data\poker_record.db successed (not an error).
[11:28:46] Network connection error (id: 149 errno: 10054).
[11:28:46] Database .\data\poker_rooms.db is not used, release handle.
[11:28:46] Network connection error (id: 150 errno: 10054).
[11:28:46] Database :memory: is not used, release handle.
[11:28:46] Network connection error (id: 151 errno: 10054).
[11:28:46] Database .\data\poker_users.db is not used, release handle.
[11:28:46] Network connection error (id: 152 errno: 10054).
[11:28:46] Database .\data\poker_record.db is not used, release handle.
[11:29:16] Connection request has been accepted (id: 153 from: 127.0.0.1:1859).
[11:29:16] Open database .\data\poker_rooms.db successed (not an error).
[11:29:16] Connection request has been accepted (id: 154 from: 127.0.0.1:1861).
[11:29:16] Open database :memory: successed (not an error).
[11:29:17] Connection request has been accepted (id: 155 from: 127.0.0.1:1862).
[11:29:17] Open database .\data\poker_users.db successed (not an error).
[11:29:51] Network connection error (id: 153 errno: 10054).
[11:29:51] Database .\data\poker_rooms.db is not used, release handle.
[11:29:51] Network connection error (id: 154 errno: 10054).
[11:29:51] Database :memory: is not used, release handle.
[11:29:51] Network connection error (id: 155 errno: 10054).
[11:29:51] Database .\data\poker_users.db is not used, release handle.
[11:29:53] Connection request has been accepted (id: 156 from: 127.0.0.1:1863).
[11:29:53] Open database .\data\poker_rooms.db successed (not an error).
[11:29:53] Connection request has been accepted (id: 157 from: 127.0.0.1:1865).
[11:29:53] Open database :memory: successed (not an error).
[11:29:53] Connection request has been accepted (id: 158 from: 127.0.0.1:1866).
[11:29:53] Open database .\data\poker_users.db successed (not an error).
[11:30:38] STEP insert into [room_interim]([number],[game],[rule],[creater],[exit],[context]) values(?,?,?,?,?,?) failed (db: poker_rooms error: SQL logic error or missing database).
 bind[00]: 100543
 bind[01]: 2
 bind[02]: 1
 bind[03]: 102018
 bind[04]: 0
 bind[05]: {"option":{"game":2,"hongtao":true,"zhadan":0,"type":1,"jushu":1,"sidai":0,"fangfei":0,"renshu":0,"wanfa":1,"showleft":true}}


[11:32:44] STEP insert into [room_interim]([number],[game],[rule],[creater],[exit],[context]) values(?,?,?,?,?,?) failed (db: poker_rooms error: SQL logic error or missing database).
 bind[00]: 100038
 bind[01]: 2
 bind[02]: 1
 bind[03]: 102018
 bind[04]: 0
 bind[05]: {"option":{"game":2,"hongtao":true,"zhadan":0,"type":1,"jushu":1,"sidai":0,"fangfei":0,"renshu":0,"wanfa":1,"showleft":true}}


[11:42:50] Network connection error (id: 156 errno: 10054).
[11:42:50] Database .\data\poker_rooms.db is not used, release handle.
[11:42:50] Network connection error (id: 157 errno: 10054).
[11:42:50] Database :memory: is not used, release handle.
[11:42:50] Network connection error (id: 158 errno: 10054).
[11:42:50] Database .\data\poker_users.db is not used, release handle.
[11:42:57] Connection request has been accepted (id: 159 from: 127.0.0.1:1890).
[11:42:58] Open database .\data\poker_rooms.db successed (not an error).
[11:42:58] Connection request has been accepted (id: 160 from: 127.0.0.1:1892).
[11:42:58] Open database :memory: successed (not an error).
[11:42:58] Connection request has been accepted (id: 161 from: 127.0.0.1:1893).
[11:42:58] Open database .\data\poker_users.db successed (not an error).
[11:43:28] Network connection error (id: 159 errno: 10054).
[11:43:28] Database .\data\poker_rooms.db is not used, release handle.
[11:43:28] Network connection error (id: 160 errno: 10054).
[11:43:28] Database :memory: is not used, release handle.
[11:43:28] Network connection error (id: 161 errno: 10054).
[11:43:28] Database .\data\poker_users.db is not used, release handle.
[11:43:35] Connection request has been accepted (id: 162 from: 127.0.0.1:1895).
[11:43:35] Open database .\data\poker_rooms.db successed (not an error).
[11:43:35] Connection request has been accepted (id: 163 from: 127.0.0.1:1897).
[11:43:35] Open database :memory: successed (not an error).
[11:43:35] Connection request has been accepted (id: 164 from: 127.0.0.1:1898).
[11:43:35] Open database .\data\poker_users.db successed (not an error).
[11:49:14] Network connection error (id: 162 errno: 2).
[11:49:14] Database .\data\poker_rooms.db is not used, release handle.
[11:49:14] Network connection error (id: 163 errno: 2).
[11:49:14] Database :memory: is not used, release handle.
[11:49:14] Network connection error (id: 164 errno: 2).
[11:49:14] Database .\data\poker_users.db is not used, release handle.
[11:49:40] Connection request has been accepted (id: 165 from: 127.0.0.1:1902).
[11:49:40] Open database .\data\poker_rooms.db successed (not an error).
[11:49:40] Connection request has been accepted (id: 166 from: 127.0.0.1:1904).
[11:49:40] Open database :memory: successed (not an error).
[11:49:40] Connection request has been accepted (id: 167 from: 127.0.0.1:1905).
[11:49:40] Open database .\data\poker_users.db successed (not an error).
[11:52:38] Network connection error (id: 165 errno: 10054).
[11:52:38] Network connection error (id: 166 errno: 10054).
[11:52:38] Database :memory: is not used, release handle.
[11:52:38] Database .\data\poker_rooms.db is not used, release handle.
[11:52:38] Network connection error (id: 167 errno: 10054).
[11:52:38] Database .\data\poker_users.db is not used, release handle.
[11:53:04] Connection request has been accepted (id: 168 from: 127.0.0.1:1906).
[11:53:04] Open database .\data\poker_rooms.db successed (not an error).
[11:53:04] Connection request has been accepted (id: 169 from: 127.0.0.1:1908).
[11:53:04] Open database :memory: successed (not an error).
[11:53:04] Connection request has been accepted (id: 170 from: 127.0.0.1:1909).
[11:53:04] Open database .\data\poker_users.db successed (not an error).
[11:53:49] Network connection error (id: 168 errno: 10054).
[11:53:49] Database .\data\poker_rooms.db is not used, release handle.
[11:53:49] Network connection error (id: 169 errno: 10054).
[11:53:49] Database :memory: is not used, release handle.
[11:53:49] Network connection error (id: 170 errno: 10054).
[11:53:49] Database .\data\poker_users.db is not used, release handle.
[11:54:19] Connection request has been accepted (id: 171 from: 127.0.0.1:1912).
[11:54:19] Open database .\data\poker_rooms.db successed (not an error).
[11:54:19] Connection request has been accepted (id: 172 from: 127.0.0.1:1914).
[11:54:19] Open database :memory: successed (not an error).
[11:54:20] Connection request has been accepted (id: 173 from: 127.0.0.1:1915).
[11:54:20] Open database .\data\poker_users.db successed (not an error).
[11:58:49] Network connection error (id: 171 errno: 10054).
[11:58:49] Database .\data\poker_rooms.db is not used, release handle.
[11:58:49] Network connection error (id: 172 errno: 10054).
[11:58:49] Database :memory: is not used, release handle.
[11:58:49] Network connection error (id: 173 errno: 10054).
[11:58:49] Database .\data\poker_users.db is not used, release handle.
[11:58:51] Connection request has been accepted (id: 174 from: 127.0.0.1:1920).
[11:58:51] Open database .\data\poker_rooms.db successed (not an error).
[11:58:51] Connection request has been accepted (id: 175 from: 127.0.0.1:1922).
[11:58:51] Open database :memory: successed (not an error).
[11:58:51] Connection request has been accepted (id: 176 from: 127.0.0.1:1923).
[11:58:51] Open database .\data\poker_users.db successed (not an error).
[12:00:01] Network connection error (id: 174 errno: 10054).
[12:00:01] Database .\data\poker_rooms.db is not used, release handle.
[12:00:01] Network connection error (id: 175 errno: 10054).
[12:00:01] Database :memory: is not used, release handle.
[12:00:01] Network connection error (id: 176 errno: 10054).
[12:00:01] Database .\data\poker_users.db is not used, release handle.
[12:00:08] Connection request has been accepted (id: 177 from: 127.0.0.1:1929).
[12:00:08] Open database .\data\poker_rooms.db successed (not an error).
[12:00:08] Connection request has been accepted (id: 178 from: 127.0.0.1:1931).
[12:00:08] Open database :memory: successed (not an error).
[12:00:08] Connection request has been accepted (id: 179 from: 127.0.0.1:1932).
[12:00:08] Open database .\data\poker_users.db successed (not an error).
[12:00:16] STEP insert into [user_session]([uuid],[unionid],[nickname],[ipaddr]) values(?, ?, ?, ?) failed (db: memory error: SQL logic error or missing database).
 bind[00]: 102018
 bind[01]: peng
 bind[02]: peng
 bind[03]: 10.211.55.2

[12:03:33] STEP insert into [user_session]([uuid],[unionid],[nickname],[ipaddr]) values(?, ?, ?, ?) failed (db: memory error: SQL logic error or missing database).
 bind[00]: 102019
 bind[01]: peng1
 bind[02]: peng1
 bind[03]: 10.211.55.2

[12:03:33] Network connection error (id: 177 errno: 10054).
[12:03:33] Network connection error (id: 178 errno: 10054).
[12:03:33] Database :memory: is not used, release handle.
[12:03:33] Network connection error (id: 179 errno: 10054).
[12:03:33] Database .\data\poker_users.db is not used, release handle.
[12:03:33] Database .\data\poker_rooms.db is not used, release handle.
[12:03:38] Connection request has been accepted (id: 180 from: 127.0.0.1:1934).
[12:03:38] Open database .\data\poker_rooms.db successed (not an error).
[12:03:38] Connection request has been accepted (id: 181 from: 127.0.0.1:1936).
[12:03:38] Open database :memory: successed (not an error).
[12:03:38] Connection request has been accepted (id: 182 from: 127.0.0.1:1937).
[12:03:38] Open database .\data\poker_users.db successed (not an error).
[12:30:50] Network connection error (id: 180 errno: 10054).
[12:30:50] Database .\data\poker_rooms.db is not used, release handle.
[12:30:50] Network connection error (id: 181 errno: 10054).
[12:30:50] Database :memory: is not used, release handle.
[12:30:50] Network connection error (id: 182 errno: 10054).
[12:30:50] Database .\data\poker_users.db is not used, release handle.
[12:30:58] Connection request has been accepted (id: 183 from: 127.0.0.1:2185).
[12:30:58] Open database .\data\poker_rooms.db successed (not an error).
[12:30:58] Connection request has been accepted (id: 184 from: 127.0.0.1:2187).
[12:30:58] Open database :memory: successed (not an error).
[12:30:59] Connection request has been accepted (id: 185 from: 127.0.0.1:2188).
[12:30:59] Open database .\data\poker_users.db successed (not an error).
[12:49:16] STEP insert into [user_session]([uuid],[unionid],[nickname],[ipaddr]) values(?, ?, ?, ?) failed (db: memory error: SQL logic error or missing database).
 bind[00]: 102018
 bind[01]: peng
 bind[02]: peng
 bind[03]: 10.211.55.2

[13:26:24] STEP insert into [user_session]([uuid],[unionid],[nickname],[ipaddr]) values(?, ?, ?, ?) failed (db: memory error: SQL logic error or missing database).
 bind[00]: 102019
 bind[01]: peng1
 bind[02]: peng1
 bind[03]: 10.211.55.2

[13:27:18] Network connection error (id: 183 errno: 10054).
[13:27:18] Database .\data\poker_rooms.db is not used, release handle.
[13:27:18] Network connection error (id: 184 errno: 10054).
[13:27:18] Database :memory: is not used, release handle.
[13:27:18] Network connection error (id: 185 errno: 10054).
[13:27:18] Database .\data\poker_users.db is not used, release handle.
[13:27:44] Connection request has been accepted (id: 186 from: 127.0.0.1:2221).
[13:27:44] Open database .\data\poker_rooms.db successed (not an error).
[13:27:44] Connection request has been accepted (id: 187 from: 127.0.0.1:2223).
[13:27:44] Open database :memory: successed (not an error).
[13:27:46] Connection request has been accepted (id: 188 from: 127.0.0.1:2224).
[13:27:46] Open database .\data\poker_users.db successed (not an error).
[16:41:29] Network connection error (id: 186 errno: 10054).
[16:41:29] Database .\data\poker_rooms.db is not used, release handle.
[16:41:29] Network connection error (id: 187 errno: 10054).
[16:41:29] Database :memory: is not used, release handle.
[16:41:29] Network connection error (id: 188 errno: 10054).
[16:41:29] Database .\data\poker_users.db is not used, release handle.
[16:41:51] Connection request has been accepted (id: 189 from: 127.0.0.1:2384).
[16:41:51] Open database .\data\poker_rooms.db successed (not an error).
[16:41:51] Connection request has been accepted (id: 190 from: 127.0.0.1:2386).
[16:41:51] Open database :memory: successed (not an error).
[16:41:51] Connection request has been accepted (id: 191 from: 127.0.0.1:2387).
[16:41:51] Open database .\data\poker_users.db successed (not an error).
[16:49:10] Network connection error (id: 189 errno: 10054).
[16:49:10] Database .\data\poker_rooms.db is not used, release handle.
[16:49:10] Network connection error (id: 190 errno: 10054).
[16:49:10] Database :memory: is not used, release handle.
[16:49:10] Network connection error (id: 191 errno: 10054).
[16:49:10] Database .\data\poker_users.db is not used, release handle.
[16:49:17] Connection request has been accepted (id: 192 from: 127.0.0.1:2392).
[16:49:17] Open database .\data\poker_rooms.db successed (not an error).
[16:49:17] Connection request has been accepted (id: 193 from: 127.0.0.1:2394).
[16:49:17] Open database :memory: successed (not an error).
[16:49:17] Connection request has been accepted (id: 194 from: 127.0.0.1:2395).
[16:49:17] Open database .\data\poker_users.db successed (not an error).
[17:09:25] STEP insert into [room_interim]([number],[game],[rule],[creater],[exit],[context]) values(?,?,?,?,?,?) failed (db: poker_rooms error: SQL logic error or missing database).
 bind[00]: 100398
 bind[01]: 2
 bind[02]: 1
 bind[03]: 102018
 bind[04]: 0
 bind[05]: {"option":{"game":2,"hongtao":true,"zhadan":0,"type":1,"jushu":1,"sidai":0,"fangfei":0,"renshu":0,"wanfa":1,"showleft":true}}


[17:57:09] Network connection error (id: 192 errno: 10054).
[17:57:09] Database .\data\poker_rooms.db is not used, release handle.
[17:57:09] Network connection error (id: 193 errno: 10054).
[17:57:09] Database :memory: is not used, release handle.
[17:57:09] Network connection error (id: 194 errno: 10054).
[17:57:09] Database .\data\poker_users.db is not used, release handle.
[17:57:17] Connection request has been accepted (id: 195 from: 127.0.0.1:2431).
[17:57:17] Open database .\data\poker_rooms.db successed (not an error).
[17:57:17] Connection request has been accepted (id: 196 from: 127.0.0.1:2433).
[17:57:17] Open database :memory: successed (not an error).
[17:57:22] Connection request has been accepted (id: 197 from: 127.0.0.1:2434).
[17:57:22] Open database .\data\poker_users.db successed (not an error).
[17:57:30] Network connection error (id: 195 errno: 10054).
[17:57:30] Database .\data\poker_rooms.db is not used, release handle.
[17:57:30] Network connection error (id: 196 errno: 10054).
[17:57:30] Database :memory: is not used, release handle.
[17:57:30] Network connection error (id: 197 errno: 10054).
[17:57:30] Database .\data\poker_users.db is not used, release handle.
[17:57:36] Connection request has been accepted (id: 198 from: 127.0.0.1:2435).
[17:57:36] Open database .\data\poker_rooms.db successed (not an error).
[17:57:36] Connection request has been accepted (id: 199 from: 127.0.0.1:2437).
[17:57:36] Open database :memory: successed (not an error).
[17:57:36] Connection request has been accepted (id: 200 from: 127.0.0.1:2438).
[17:57:36] Open database .\data\poker_users.db successed (not an error).
[18:05:00] Network connection error (id: 198 errno: 10054).
[18:05:00] Database .\data\poker_rooms.db is not used, release handle.
[18:05:00] Network connection error (id: 199 errno: 10054).
[18:05:00] Database :memory: is not used, release handle.
[18:05:00] Network connection error (id: 200 errno: 10054).
[18:05:00] Database .\data\poker_users.db is not used, release handle.
[18:05:07] Connection request has been accepted (id: 201 from: 127.0.0.1:2447).
[18:05:07] Open database .\data\poker_rooms.db successed (not an error).
[18:05:07] Connection request has been accepted (id: 202 from: 127.0.0.1:2449).
[18:05:07] Open database :memory: successed (not an error).
[18:05:07] Connection request has been accepted (id: 203 from: 127.0.0.1:2450).
[18:05:07] Open database .\data\poker_users.db successed (not an error).
[18:09:14] Network connection error (id: 201 errno: 10054).
[18:09:14] Database .\data\poker_rooms.db is not used, release handle.
[18:09:14] Network connection error (id: 202 errno: 10054).
[18:09:14] Database :memory: is not used, release handle.
[18:09:14] Network connection error (id: 203 errno: 10054).
[18:09:14] Database .\data\poker_users.db is not used, release handle.
[18:09:18] Connection request has been accepted (id: 204 from: 127.0.0.1:2472).
[18:09:18] Open database .\data\poker_rooms.db successed (not an error).
[18:09:18] Connection request has been accepted (id: 205 from: 127.0.0.1:2474).
[18:09:18] Open database :memory: successed (not an error).
[18:09:18] Connection request has been accepted (id: 206 from: 127.0.0.1:2475).
[18:09:18] Open database .\data\poker_users.db successed (not an error).
[18:11:25] Network connection error (id: 204 errno: 10054).
[18:11:25] Database .\data\poker_rooms.db is not used, release handle.
[18:11:25] Network connection error (id: 206 errno: 10054).
[18:11:25] Database .\data\poker_users.db is not used, release handle.
[18:11:25] Network connection error (id: 205 errno: 10054).
[18:11:25] Database :memory: is not used, release handle.
[18:11:31] Connection request has been accepted (id: 207 from: 127.0.0.1:2476).
[18:11:31] Open database .\data\poker_rooms.db successed (not an error).
[18:11:31] Connection request has been accepted (id: 208 from: 127.0.0.1:2478).
[18:11:31] Open database :memory: successed (not an error).
[18:11:32] Connection request has been accepted (id: 209 from: 127.0.0.1:2479).
[18:11:32] Open database .\data\poker_users.db successed (not an error).
[18:12:41] Network connection error (id: 207 errno: 10054).
[18:12:41] Database .\data\poker_rooms.db is not used, release handle.
[18:12:41] Network connection error (id: 208 errno: 10054).
[18:12:41] Database :memory: is not used, release handle.
[18:12:41] Network connection error (id: 209 errno: 10054).
[18:12:41] Database .\data\poker_users.db is not used, release handle.
[18:12:52] Connection request has been accepted (id: 210 from: 127.0.0.1:2480).
[18:12:52] Open database .\data\poker_rooms.db successed (not an error).
[18:12:52] Connection request has been accepted (id: 211 from: 127.0.0.1:2482).
[18:12:52] Open database :memory: successed (not an error).
[18:12:53] Connection request has been accepted (id: 212 from: 127.0.0.1:2483).
[18:12:53] Open database .\data\poker_users.db successed (not an error).
[18:20:07] Network connection error (id: 210 errno: 10054).
[18:20:07] Database .\data\poker_rooms.db is not used, release handle.
[18:20:07] Network connection error (id: 211 errno: 10054).
[18:20:07] Database :memory: is not used, release handle.
[18:20:07] Network connection error (id: 212 errno: 10054).
[18:20:07] Database .\data\poker_users.db is not used, release handle.
[18:20:15] Connection request has been accepted (id: 213 from: 127.0.0.1:2490).
[18:20:15] Open database .\data\poker_rooms.db successed (not an error).
[18:20:15] Connection request has been accepted (id: 214 from: 127.0.0.1:2492).
[18:20:15] Open database :memory: successed (not an error).
[18:20:15] Connection request has been accepted (id: 215 from: 127.0.0.1:2493).
[18:20:15] Open database .\data\poker_users.db successed (not an error).
[18:20:52] STEP insert into [room_interim]([number],[game],[rule],[creater],[exit],[context]) values(?,?,?,?,?,?) failed (db: poker_rooms error: SQL logic error or missing database).
 bind[00]: 100127
 bind[01]: 2
 bind[02]: 1
 bind[03]: 102018
 bind[04]: 0
 bind[05]: {"option":{"game":2,"hongtao":true,"zhadan":0,"type":1,"jushu":1,"sidai":0,"fangfei":0,"renshu":0,"wanfa":1,"showleft":true}}


[18:22:54] Network connection error (id: 213 errno: 10054).
[18:22:54] Database .\data\poker_rooms.db is not used, release handle.
[18:22:54] Network connection error (id: 214 errno: 10054).
[18:22:54] Database :memory: is not used, release handle.
[18:22:54] Network connection error (id: 215 errno: 10054).
[18:22:54] Database .\data\poker_users.db is not used, release handle.
[18:23:02] Connection request has been accepted (id: 216 from: 127.0.0.1:2494).
[18:23:02] Open database .\data\poker_rooms.db successed (not an error).
[18:23:02] Connection request has been accepted (id: 217 from: 127.0.0.1:2496).
[18:23:02] Open database :memory: successed (not an error).
[18:23:02] Connection request has been accepted (id: 218 from: 127.0.0.1:2497).
[18:23:02] Open database .\data\poker_users.db successed (not an error).
[18:28:00] STEP insert into [room_interim]([number],[game],[rule],[creater],[exit],[context]) values(?,?,?,?,?,?) failed (db: poker_rooms error: SQL logic error or missing database).
 bind[00]: 100748
 bind[01]: 2
 bind[02]: 1
 bind[03]: 102018
 bind[04]: 0
 bind[05]: {"option":{"game":2,"hongtao":true,"zhadan":0,"type":1,"jushu":1,"sidai":0,"fangfei":0,"renshu":0,"wanfa":1,"showleft":true}}


[18:33:11] Network connection error (id: 216 errno: 10054).
[18:33:11] Database .\data\poker_rooms.db is not used, release handle.
[18:33:11] Network connection error (id: 217 errno: 10054).
[18:33:11] Database :memory: is not used, release handle.
[18:33:11] Network connection error (id: 218 errno: 10054).
[18:33:11] Database .\data\poker_users.db is not used, release handle.
[18:33:21] Connection request has been accepted (id: 219 from: 127.0.0.1:2508).
[18:33:21] Open database .\data\poker_rooms.db successed (not an error).
[18:33:22] Connection request has been accepted (id: 220 from: 127.0.0.1:2510).
[18:33:22] Open database :memory: successed (not an error).
[18:33:22] Connection request has been accepted (id: 221 from: 127.0.0.1:2511).
[18:33:22] Open database .\data\poker_users.db successed (not an error).
[18:34:05] Network connection error (id: 219 errno: 10054).
[18:34:05] Database .\data\poker_rooms.db is not used, release handle.
[18:34:05] Network connection error (id: 220 errno: 10054).
[18:34:05] Database :memory: is not used, release handle.
[18:34:05] Network connection error (id: 221 errno: 10054).
[18:34:05] Database .\data\poker_users.db is not used, release handle.
[18:34:12] Connection request has been accepted (id: 222 from: 127.0.0.1:2512).
[18:34:12] Open database .\data\poker_rooms.db successed (not an error).
[18:34:12] Connection request has been accepted (id: 223 from: 127.0.0.1:2514).
[18:34:12] Open database :memory: successed (not an error).
[18:34:12] Connection request has been accepted (id: 224 from: 127.0.0.1:2515).
[18:34:12] Open database .\data\poker_users.db successed (not an error).
[18:36:16] Network connection error (id: 222 errno: 10054).
[18:36:16] Database .\data\poker_rooms.db is not used, release handle.
[18:36:16] Network connection error (id: 223 errno: 10054).
[18:36:16] Database :memory: is not used, release handle.
[18:36:16] Network connection error (id: 224 errno: 10054).
[18:36:16] Database .\data\poker_users.db is not used, release handle.
[18:36:22] Connection request has been accepted (id: 225 from: 127.0.0.1:2524).
[18:36:22] Open database .\data\poker_rooms.db successed (not an error).
[18:36:22] Connection request has been accepted (id: 226 from: 127.0.0.1:2526).
[18:36:22] Open database :memory: successed (not an error).
[18:36:22] Connection request has been accepted (id: 227 from: 127.0.0.1:2527).
[18:36:22] Open database .\data\poker_users.db successed (not an error).
[18:36:26] STEP insert into [room_interim]([number],[game],[rule],[creater],[exit],[context]) values(?,?,?,?,?,?) failed (db: poker_rooms error: SQL logic error or missing database).
 bind[00]: 100502
 bind[01]: 2
 bind[02]: 1
 bind[03]: 102018
 bind[04]: 0
 bind[05]: {"option":{"game":2,"hongtao":true,"zhadan":0,"type":1,"jushu":1,"sidai":0,"fangfei":0,"renshu":0,"wanfa":1,"showleft":true}}


[18:36:27] STEP insert into [room_interim]([number],[game],[rule],[creater],[exit],[context]) values(?,?,?,?,?,?) failed (db: poker_rooms error: SQL logic error or missing database).
 bind[00]: 100291
 bind[01]: 2
 bind[02]: 1
 bind[03]: 102018
 bind[04]: 0
 bind[05]: {"option":{"game":2,"hongtao":true,"zhadan":0,"type":1,"jushu":1,"sidai":0,"fangfei":0,"renshu":0,"wanfa":1,"showleft":true}}


[18:36:27] STEP insert into [room_interim]([number],[game],[rule],[creater],[exit],[context]) values(?,?,?,?,?,?) failed (db: poker_rooms error: SQL logic error or missing database).
 bind[00]: 100958
 bind[01]: 2
 bind[02]: 1
 bind[03]: 102018
 bind[04]: 0
 bind[05]: {"option":{"game":2,"hongtao":true,"zhadan":0,"type":1,"jushu":1,"sidai":0,"fangfei":0,"renshu":0,"wanfa":1,"showleft":true}}


[18:36:27] STEP insert into [room_interim]([number],[game],[rule],[creater],[exit],[context]) values(?,?,?,?,?,?) failed (db: poker_rooms error: SQL logic error or missing database).
 bind[00]: 100616
 bind[01]: 2
 bind[02]: 1
 bind[03]: 102018
 bind[04]: 0
 bind[05]: {"option":{"game":2,"hongtao":true,"zhadan":0,"type":1,"jushu":1,"sidai":0,"fangfei":0,"renshu":0,"wanfa":1,"showleft":true}}


[18:36:28] STEP insert into [room_interim]([number],[game],[rule],[creater],[exit],[context]) values(?,?,?,?,?,?) failed (db: poker_rooms error: SQL logic error or missing database).
 bind[00]: 100465
 bind[01]: 2
 bind[02]: 1
 bind[03]: 102018
 bind[04]: 0
 bind[05]: {"option":{"game":2,"hongtao":true,"zhadan":0,"type":1,"jushu":1,"sidai":0,"fangfei":0,"renshu":0,"wanfa":1,"showleft":true}}


[18:36:28] STEP insert into [room_interim]([number],[game],[rule],[creater],[exit],[context]) values(?,?,?,?,?,?) failed (db: poker_rooms error: SQL logic error or missing database).
 bind[00]: 100607
 bind[01]: 2
 bind[02]: 1
 bind[03]: 102018
 bind[04]: 0
 bind[05]: {"option":{"game":2,"hongtao":true,"zhadan":0,"type":1,"jushu":1,"sidai":0,"fangfei":0,"renshu":0,"wanfa":1,"showleft":true}}


[18:36:28] STEP insert into [room_interim]([number],[game],[rule],[creater],[exit],[context]) values(?,?,?,?,?,?) failed (db: poker_rooms error: SQL logic error or missing database).
 bind[00]: 100908
 bind[01]: 2
 bind[02]: 1
 bind[03]: 102018
 bind[04]: 0
 bind[05]: {"option":{"game":2,"hongtao":true,"zhadan":0,"type":1,"jushu":1,"sidai":0,"fangfei":0,"renshu":0,"wanfa":1,"showleft":true}}


[18:36:28] STEP insert into [room_interim]([number],[game],[rule],[creater],[exit],[context]) values(?,?,?,?,?,?) failed (db: poker_rooms error: SQL logic error or missing database).
 bind[00]: 100778
 bind[01]: 2
 bind[02]: 1
 bind[03]: 102018
 bind[04]: 0
 bind[05]: {"option":{"game":2,"hongtao":true,"zhadan":0,"type":1,"jushu":1,"sidai":0,"fangfei":0,"renshu":0,"wanfa":1,"showleft":true}}


[18:36:32] STEP insert into [room_interim]([number],[game],[rule],[creater],[exit],[context]) values(?,?,?,?,?,?) failed (db: poker_rooms error: SQL logic error or missing database).
 bind[00]: 100952
 bind[01]: 2
 bind[02]: 1
 bind[03]: 102018
 bind[04]: 0
 bind[05]: {"option":{"game":2,"hongtao":true,"zhadan":0,"type":1,"jushu":1,"sidai":0,"fangfei":0,"renshu":0,"wanfa":1,"showleft":true}}


[18:36:32] STEP insert into [room_interim]([number],[game],[rule],[creater],[exit],[context]) values(?,?,?,?,?,?) failed (db: poker_rooms error: SQL logic error or missing database).
 bind[00]: 100752
 bind[01]: 2
 bind[02]: 1
 bind[03]: 102018
 bind[04]: 0
 bind[05]: {"option":{"game":2,"hongtao":true,"zhadan":0,"type":1,"jushu":1,"sidai":0,"fangfei":0,"renshu":0,"wanfa":1,"showleft":true}}


[18:36:33] STEP insert into [room_interim]([number],[game],[rule],[creater],[exit],[context]) values(?,?,?,?,?,?) failed (db: poker_rooms error: SQL logic error or missing database).
 bind[00]: 100221
 bind[01]: 2
 bind[02]: 1
 bind[03]: 102018
 bind[04]: 0
 bind[05]: {"option":{"game":2,"hongtao":true,"zhadan":0,"type":1,"jushu":1,"sidai":0,"fangfei":0,"renshu":0,"wanfa":1,"showleft":true}}


[18:36:33] STEP insert into [room_interim]([number],[game],[rule],[creater],[exit],[context]) values(?,?,?,?,?,?) failed (db: poker_rooms error: SQL logic error or missing database).
 bind[00]: 100925
 bind[01]: 2
 bind[02]: 1
 bind[03]: 102018
 bind[04]: 0
 bind[05]: {"option":{"game":2,"hongtao":true,"zhadan":0,"type":1,"jushu":1,"sidai":0,"fangfei":0,"renshu":0,"wanfa":1,"showleft":true}}


[18:36:33] STEP insert into [room_interim]([number],[game],[rule],[creater],[exit],[context]) values(?,?,?,?,?,?) failed (db: poker_rooms error: SQL logic error or missing database).
 bind[00]: 100543
 bind[01]: 2
 bind[02]: 1
 bind[03]: 102018
 bind[04]: 0
 bind[05]: {"option":{"game":2,"hongtao":true,"zhadan":0,"type":1,"jushu":1,"sidai":0,"fangfei":0,"renshu":0,"wanfa":1,"showleft":true}}


[18:36:33] STEP insert into [room_interim]([number],[game],[rule],[creater],[exit],[context]) values(?,?,?,?,?,?) failed (db: poker_rooms error: SQL logic error or missing database).
 bind[00]: 100393
 bind[01]: 2
 bind[02]: 1
 bind[03]: 102018
 bind[04]: 0
 bind[05]: {"option":{"game":2,"hongtao":true,"zhadan":0,"type":1,"jushu":1,"sidai":0,"fangfei":0,"renshu":0,"wanfa":1,"showleft":true}}


[18:36:38] STEP insert into [room_interim]([number],[game],[rule],[creater],[exit],[context]) values(?,?,?,?,?,?) failed (db: poker_rooms error: SQL logic error or missing database).
 bind[00]: 100491
 bind[01]: 2
 bind[02]: 1
 bind[03]: 102018
 bind[04]: 0
 bind[05]: {"option":{"game":2,"hongtao":true,"zhadan":0,"type":1,"jushu":1,"sidai":0,"fangfei":0,"renshu":0,"wanfa":1,"showleft":true}}


[18:36:39] STEP insert into [room_interim]([number],[game],[rule],[creater],[exit],[context]) values(?,?,?,?,?,?) failed (db: poker_rooms error: SQL logic error or missing database).
 bind[00]: 100625
 bind[01]: 2
 bind[02]: 1
 bind[03]: 102018
 bind[04]: 0
 bind[05]: {"option":{"game":2,"hongtao":true,"zhadan":0,"type":1,"jushu":1,"sidai":0,"fangfei":0,"renshu":0,"wanfa":1,"showleft":true}}


[18:36:39] STEP insert into [room_interim]([number],[game],[rule],[creater],[exit],[context]) values(?,?,?,?,?,?) failed (db: poker_rooms error: SQL logic error or missing database).
 bind[00]: 100146
 bind[01]: 2
 bind[02]: 1
 bind[03]: 102018
 bind[04]: 0
 bind[05]: {"option":{"game":2,"hongtao":true,"zhadan":0,"type":1,"jushu":1,"sidai":0,"fangfei":0,"renshu":0,"wanfa":1,"showleft":true}}


[18:38:14] Network connection error (id: 225 errno: 10054).
[18:38:14] Database .\data\poker_rooms.db is not used, release handle.
[18:38:14] Network connection error (id: 226 errno: 10054).
[18:38:14] Database :memory: is not used, release handle.
[18:38:14] Network connection error (id: 227 errno: 10054).
[18:38:14] Database .\data\poker_users.db is not used, release handle.
[18:38:20] Connection request has been accepted (id: 228 from: 127.0.0.1:2528).
[18:38:20] Open database .\data\poker_rooms.db successed (not an error).
[18:38:20] Connection request has been accepted (id: 229 from: 127.0.0.1:2530).
[18:38:20] Open database :memory: successed (not an error).
[18:38:20] Connection request has been accepted (id: 230 from: 127.0.0.1:2531).
[18:38:20] Open database .\data\poker_users.db successed (not an error).
[18:39:24] Network connection error (id: 228 errno: 10054).
[18:39:24] Database .\data\poker_rooms.db is not used, release handle.
[18:39:24] Network connection error (id: 229 errno: 10054).
[18:39:24] Database :memory: is not used, release handle.
[18:39:24] Network connection error (id: 230 errno: 10054).
[18:39:24] Database .\data\poker_users.db is not used, release handle.
[18:39:30] Connection request has been accepted (id: 231 from: 127.0.0.1:2532).
[18:39:30] Open database .\data\poker_rooms.db successed (not an error).
[18:41:30] Connection request has been accepted (id: 232 from: 127.0.0.1:2533).
[18:41:30] Open database .\data\poker_rooms.db successed (not an error).
[18:43:14] Network connection error (id: 231 errno: 10054).
[18:43:46] Connection request has been accepted (id: 233 from: 127.0.0.1:2536).
[18:43:46] Open database .\data\poker_rooms.db successed (not an error).
[18:44:01] Network connection error (id: 233 errno: 10054).
[18:44:03] Connection request has been accepted (id: 234 from: 127.0.0.1:2537).
[18:44:03] Open database .\data\poker_rooms.db successed (not an error).
[18:44:15] Connection request has been accepted (id: 235 from: 127.0.0.1:2539).
[18:44:15] Open database :memory: successed (not an error).
[18:44:15] Connection request has been accepted (id: 236 from: 127.0.0.1:2540).
[18:44:16] Open database .\data\poker_users.db successed (not an error).
[18:44:25] Network connection error (id: 234 errno: 10054).
[18:44:25] Network connection error (id: 235 errno: 10054).
[18:44:25] Database :memory: is not used, release handle.
[18:44:25] Network connection error (id: 236 errno: 10054).
[18:44:25] Database .\data\poker_users.db is not used, release handle.
[18:44:28] Connection request has been accepted (id: 237 from: 127.0.0.1:2541).
[18:44:28] Open database .\data\poker_rooms.db successed (not an error).
[18:44:29] Connection request has been accepted (id: 238 from: 127.0.0.1:2543).
[18:44:29] Open database :memory: successed (not an error).
[18:44:29] Connection request has been accepted (id: 239 from: 127.0.0.1:2544).
[18:44:29] Open database .\data\poker_users.db successed (not an error).
[18:49:57] STEP insert into [user_session]([uuid],[unionid],[nickname],[ipaddr]) values(?, ?, ?, ?) failed (db: memory error: SQL logic error or missing database).
 bind[00]: 102018
 bind[01]: peng
 bind[02]: peng
 bind[03]: 10.211.55.2

[18:50:22] Network connection error (id: 237 errno: 10054).
[18:50:22] Network connection error (id: 238 errno: 10054).
[18:50:22] Database :memory: is not used, release handle.
[18:50:22] Network connection error (id: 239 errno: 10054).
[18:50:22] Database .\data\poker_users.db is not used, release handle.
[18:50:28] Connection request has been accepted (id: 240 from: 127.0.0.1:2551).
[18:50:28] Open database .\data\poker_rooms.db successed (not an error).
[18:50:28] Connection request has been accepted (id: 241 from: 127.0.0.1:2553).
[18:50:28] Open database :memory: successed (not an error).
[18:50:29] Connection request has been accepted (id: 242 from: 127.0.0.1:2554).
[18:50:29] Open database .\data\poker_users.db successed (not an error).
[18:54:39] STEP insert into [user_session]([uuid],[unionid],[nickname],[ipaddr]) values(?, ?, ?, ?) failed (db: memory error: SQL logic error or missing database).
 bind[00]: 102018
 bind[01]: peng
 bind[02]: peng
 bind[03]: 10.211.55.2

[18:54:58] Network connection error (id: 240 errno: 10054).
[18:54:58] Network connection error (id: 241 errno: 10054).
[18:54:58] Database :memory: is not used, release handle.
[18:54:58] Network connection error (id: 242 errno: 10054).
[18:54:58] Database .\data\poker_users.db is not used, release handle.
[18:55:05] Connection request has been accepted (id: 243 from: 127.0.0.1:2555).
[18:55:05] Open database .\data\poker_rooms.db successed (not an error).
[18:55:05] Connection request has been accepted (id: 244 from: 127.0.0.1:2557).
[18:55:05] Open database :memory: successed (not an error).
[18:55:05] Connection request has been accepted (id: 245 from: 127.0.0.1:2558).
[18:55:05] Open database .\data\poker_users.db successed (not an error).
[18:56:12] Network connection error (id: 243 errno: 10054).
[18:56:12] Network connection error (id: 244 errno: 10054).
[18:56:12] Database :memory: is not used, release handle.
[18:56:12] Network connection error (id: 245 errno: 10054).
[18:56:12] Database .\data\poker_users.db is not used, release handle.
[18:56:14] Connection request has been accepted (id: 246 from: 127.0.0.1:2559).
[18:56:14] Open database .\data\poker_rooms.db successed (not an error).
[18:57:50] Network connection error (id: 246 errno: 10054).
[18:57:51] Connection request has been accepted (id: 247 from: 127.0.0.1:2564).
[18:57:51] Open database .\data\poker_rooms.db successed (not an error).
[19:03:30] Network connection error (id: 247 errno: 10060).
[19:06:47] Connection request has been accepted (id: 248 from: 127.0.0.1:2569).
[19:06:47] Open database .\data\poker_rooms.db successed (not an error).
[19:07:00] Network connection error (id: 248 errno: 10054).
[19:07:02] Connection request has been accepted (id: 249 from: 127.0.0.1:2570).
[19:07:02] Open database .\data\poker_rooms.db successed (not an error).
[19:08:29] Network connection error (id: 249 errno: 10054).
[19:08:47] Connection request has been accepted (id: 250 from: 127.0.0.1:2571).
[19:08:47] Open database .\data\poker_rooms.db successed (not an error).
[19:09:37] Connection request has been accepted (id: 251 from: 127.0.0.1:2573).
[19:09:37] Open database :memory: successed (not an error).
[19:09:37] Connection request has been accepted (id: 252 from: 127.0.0.1:2574).
[19:09:37] Open database .\data\poker_users.db successed (not an error).
[19:10:15] Network connection error (id: 250 errno: 10054).
[19:10:15] Network connection error (id: 251 errno: 10054).
[19:10:15] Database :memory: is not used, release handle.
[19:10:15] Network connection error (id: 252 errno: 10054).
[19:10:15] Database .\data\poker_users.db is not used, release handle.
[19:10:17] Connection request has been accepted (id: 253 from: 127.0.0.1:2575).
[19:10:18] Open database .\data\poker_rooms.db successed (not an error).
[19:12:48] Network connection error (id: 253 errno: 10054).
[19:12:58] Connection request has been accepted (id: 254 from: 127.0.0.1:2576).
[19:12:58] Open database .\data\poker_rooms.db successed (not an error).
[19:15:04] Network connection error (id: 254 errno: 10054).
[19:15:37] Connection request has been accepted (id: 255 from: 127.0.0.1:2577).
[19:15:37] Open database .\data\poker_rooms.db successed (not an error).
[19:15:45] Connection request has been accepted (id: 256 from: 127.0.0.1:2579).
[19:15:45] Open database :memory: successed (not an error).
[19:15:45] Connection request has been accepted (id: 257 from: 127.0.0.1:2580).
[19:15:45] Open database .\data\poker_users.db successed (not an error).
[19:15:53] Network connection error (id: 255 errno: 10054).
[19:15:53] Network connection error (id: 256 errno: 10054).
[19:15:53] Database :memory: is not used, release handle.
[19:15:53] Network connection error (id: 257 errno: 10054).
[19:15:53] Database .\data\poker_users.db is not used, release handle.
[19:15:55] Connection request has been accepted (id: 258 from: 127.0.0.1:2581).
[19:15:55] Open database .\data\poker_rooms.db successed (not an error).
[19:16:00] Network connection error (id: 258 errno: 10054).
[19:16:02] Connection request has been accepted (id: 259 from: 127.0.0.1:2582).
[19:16:02] Open database .\data\poker_rooms.db successed (not an error).
[19:16:05] Network connection error (id: 259 errno: 10054).
[19:16:06] Connection request has been accepted (id: 260 from: 127.0.0.1:2583).
[19:16:06] Open database .\data\poker_rooms.db successed (not an error).
[19:16:35] Network connection error (id: 260 errno: 10054).
[19:16:37] Connection request has been accepted (id: 261 from: 127.0.0.1:2584).
[19:16:37] Open database .\data\poker_rooms.db successed (not an error).
[19:16:40] Connection request has been accepted (id: 262 from: 127.0.0.1:2586).
[19:16:40] Open database :memory: successed (not an error).
[19:16:40] Connection request has been accepted (id: 263 from: 127.0.0.1:2587).
[19:16:40] Open database .\data\poker_users.db successed (not an error).
[19:16:58] Network connection error (id: 261 errno: 10054).
[19:16:58] Network connection error (id: 262 errno: 10054).
[19:16:58] Database :memory: is not used, release handle.
[19:16:58] Network connection error (id: 263 errno: 10054).
[19:16:58] Database .\data\poker_users.db is not used, release handle.
[19:18:07] Connection request has been accepted (id: 264 from: 127.0.0.1:2593).
[19:18:07] Open database .\data\poker_rooms.db successed (not an error).
[19:18:11] Connection request has been accepted (id: 265 from: 127.0.0.1:2595).
[19:18:11] Open database :memory: successed (not an error).
[19:18:11] Connection request has been accepted (id: 266 from: 127.0.0.1:2596).
[19:18:11] Open database .\data\poker_users.db successed (not an error).
[19:30:19] Network connection error (id: 264 errno: 10054).
[19:30:19] Network connection error (id: 265 errno: 10054).
[19:30:19] Database :memory: is not used, release handle.
[19:30:19] Network connection error (id: 266 errno: 10054).
[19:30:19] Database .\data\poker_users.db is not used, release handle.
[19:30:32] Connection request has been accepted (id: 267 from: 127.0.0.1:2653).
[19:30:32] Open database .\data\poker_rooms.db successed (not an error).
[19:30:32] Connection request has been accepted (id: 268 from: 127.0.0.1:2655).
[19:30:32] Open database :memory: successed (not an error).
[19:30:32] Connection request has been accepted (id: 269 from: 127.0.0.1:2656).
[19:30:32] Open database .\data\poker_users.db successed (not an error).
[20:06:26] Network connection error (id: 267 errno: 10054).
[20:06:26] Network connection error (id: 268 errno: 10054).
[20:06:26] Database :memory: is not used, release handle.
[20:06:26] Network connection error (id: 269 errno: 10054).
[20:06:26] Database .\data\poker_users.db is not used, release handle.
[20:06:32] Connection request has been accepted (id: 270 from: 127.0.0.1:2754).
[20:06:32] Open database .\data\poker_rooms.db successed (not an error).
[20:06:33] Connection request has been accepted (id: 271 from: 127.0.0.1:2756).
[20:06:33] Open database :memory: successed (not an error).
[20:06:33] Connection request has been accepted (id: 272 from: 127.0.0.1:2757).
[20:06:33] Open database .\data\poker_users.db successed (not an error).
[20:19:26] Network connection error (id: 270 errno: 10054).
[20:19:26] Network connection error (id: 271 errno: 10054).
[20:19:26] Database :memory: is not used, release handle.
[20:19:26] Network connection error (id: 272 errno: 10054).
[20:19:26] Database .\data\poker_users.db is not used, release handle.
[20:19:36] Connection request has been accepted (id: 273 from: 127.0.0.1:2764).
[20:19:36] Open database .\data\poker_rooms.db successed (not an error).
[20:19:36] Connection request has been accepted (id: 274 from: 127.0.0.1:2766).
[20:19:36] Open database :memory: successed (not an error).
[20:19:36] Connection request has been accepted (id: 275 from: 127.0.0.1:2767).
[20:19:36] Open database .\data\poker_users.db successed (not an error).
[20:20:55] Network connection error (id: 273 errno: 10054).
[20:20:55] Network connection error (id: 274 errno: 10054).
[20:20:55] Database :memory: is not used, release handle.
[20:20:55] Network connection error (id: 275 errno: 10054).
[20:20:55] Database .\data\poker_users.db is not used, release handle.
